[2025-02-10 10:31:31.165] [file_logger] [info] Логгер успешно создан!
[2025-02-10 10:33:12.680] [file_logger] [info] Логгер успешно создан!
[2025-02-10 10:33:21.003] [file_logger] [info] Логгер успешно создан!
[2025-02-10 10:33:36.457] [file_logger] [info] Логгер успешно создан!
[2025-02-10 10:33:54.181] [file_logger] [info] Получен запрос на создание выгрузку билетов
[2025-02-10 10:33:54.181] [file_logger] [error] Не указан файл с билетами, отказано в добавлении
[2025-02-10 10:34:43.533] [file_logger] [info] Логгер успешно создан!
[2025-02-10 10:34:50.760] [file_logger] [info] Логгер успешно создан!
[2025-02-10 10:34:53.765] [file_logger] [info] Получен запрос на создание выгрузку билетов
[2025-02-10 10:34:53.765] [file_logger] [error] Не указан файл с билетами, отказано в добавлении
[2025-02-10 10:35:07.357] [file_logger] [info] Логгер успешно создан!
[2025-02-10 10:35:14.982] [file_logger] [info] Логгер успешно создан!
[2025-02-10 10:35:17.963] [file_logger] [info] Получен запрос на создание выгрузку билетов
[2025-02-10 10:35:17.963] [file_logger] [error] Не указан файл с билетами, отказано в добавлении
[2025-02-10 10:35:32.080] [file_logger] [info] Логгер успешно создан!
[2025-02-10 10:35:41.927] [file_logger] [info] Получен запрос на создание выгрузку билетов
[2025-02-10 10:35:41.928] [file_logger] [error] Не указан файл с билетами, отказано в добавлении
[2025-02-10 10:35:44.768] [file_logger] [info] Получен запрос на создание выгрузку билетов
[2025-02-10 10:35:44.768] [file_logger] [error] Не указан файл с билетами, отказано в добавлении
[2025-02-10 10:35:46.151] [file_logger] [info] Получен запрос на создание выгрузку билетов
[2025-02-10 10:35:46.151] [file_logger] [error] Не указан файл с билетами, отказано в добавлении
[2025-02-10 10:35:46.330] [file_logger] [info] Получен запрос на создание выгрузку билетов
[2025-02-10 10:35:46.330] [file_logger] [error] Не указан файл с билетами, отказано в добавлении
[2025-02-10 10:35:46.514] [file_logger] [info] Получен запрос на создание выгрузку билетов
[2025-02-10 10:35:46.514] [file_logger] [error] Не указан файл с билетами, отказано в добавлении
[2025-02-10 10:36:33.816] [file_logger] [info] Логгер успешно создан!
[2025-02-10 10:36:39.519] [file_logger] [info] Логгер успешно создан!
[2025-02-10 10:36:41.569] [file_logger] [info] Получен запрос на создание выгрузку билетов
[2025-02-10 10:37:09.746] [file_logger] [info] Логгер успешно создан!
[2025-02-10 10:37:17.293] [file_logger] [info] Получен запрос на создание выгрузку билетов
[2025-02-10 10:37:21.004] [file_logger] [info] Получен запрос на создание выгрузку билетов
[2025-02-10 10:37:22.770] [file_logger] [info] Получен запрос на создание выгрузку билетов
[2025-02-10 10:37:23.293] [file_logger] [info] Получен запрос на создание выгрузку билетов
[2025-02-10 10:37:23.719] [file_logger] [info] Получен запрос на создание выгрузку билетов
[2025-02-10 10:37:24.072] [file_logger] [info] Получен запрос на создание выгрузку билетов
[2025-02-10 10:40:01.192] [file_logger] [info] Логгер успешно создан!
[2025-02-10 10:40:09.594] [file_logger] [info] Получен запрос на создание выгрузку билетов
[2025-02-10 10:40:10.709] [file_logger] [info] Получен запрос на создание выгрузку билетов
[2025-02-10 10:41:39.292] [file_logger] [info] Логгер успешно создан!
[2025-02-10 10:41:48.973] [file_logger] [info] Логгер успешно создан!
[2025-02-10 10:41:53.000] [file_logger] [info] Получен запрос на создание выгрузку билетов
[2025-02-10 10:41:53.000] [file_logger] [warning] Некорректная строка в CSV: {"csv":{}}
[2025-02-10 10:41:53.000] [file_logger] [info] Загружено 0 билетов
[2025-02-10 10:42:48.235] [file_logger] [info] Логгер успешно создан!
[2025-02-10 10:42:51.862] [file_logger] [info] Получен запрос на создание выгрузку билетов
[2025-02-10 10:42:51.862] [file_logger] [info] Загружено 0 билетов
[2025-02-10 10:42:53.373] [file_logger] [info] Получен запрос на создание выгрузку билетов
[2025-02-10 10:42:53.373] [file_logger] [info] Загружено 0 билетов
[2025-02-10 10:42:54.043] [file_logger] [info] Получен запрос на создание выгрузку билетов
[2025-02-10 10:42:54.043] [file_logger] [info] Загружено 0 билетов
[2025-02-10 10:43:30.781] [file_logger] [info] Логгер успешно создан!
[2025-02-10 10:43:39.146] [file_logger] [info] Логгер успешно создан!
[2025-02-10 10:43:43.190] [file_logger] [info] Получен запрос на создание выгрузку билетов
[2025-02-10 10:43:43.190] [file_logger] [warning] Некорректная строка в CSV: {"csv":{}}
[2025-02-10 10:43:43.190] [file_logger] [info] Загружено 0 билетов
[2025-02-10 10:45:43.210] [file_logger] [info] Логгер успешно создан!
[2025-02-10 10:45:52.161] [file_logger] [info] Получен запрос на создание выгрузку билетов
[2025-02-10 10:45:52.161] [file_logger] [warning] Некорректная строка в CSV: {"csv":{}}
[2025-02-10 10:45:52.161] [file_logger] [info] Загружено 0 билетов
[2025-02-10 10:48:49.355] [file_logger] [info] Логгер успешно создан!
[2025-02-10 10:49:01.371] [file_logger] [info] Получен запрос на создание выгрузку билетов
[2025-02-10 10:49:01.371] [file_logger] [warning] Некорректная строка в CSV: {"csv":{}}
[2025-02-10 10:49:01.371] [file_logger] [info] Загружено 0 билетов
[2025-02-10 10:51:56.997] [file_logger] [info] Логгер успешно создан!
[2025-02-10 10:54:40.303] [file_logger] [info] Логгер успешно создан!
[2025-02-10 10:55:15.687] [file_logger] [info] Получен запрос на создание выгрузку билетов
[2025-02-10 10:55:15.688] [file_logger] [warning] Некорректная строка в CSV: ук
[2025-02-10 10:55:15.688] [file_logger] [warning] Некорректная строка в CSV: цре4рц4
[2025-02-10 10:55:15.688] [file_logger] [warning] Некорректная строка в CSV: рео46ро64ро64йр9ейотроиоейтиеи
[2025-02-10 10:55:15.688] [file_logger] [warning] Некорректная строка в CSV: е
[2025-02-10 10:55:15.688] [file_logger] [warning] Некорректная строка в CSV: ие4ти
[2025-02-10 10:55:15.688] [file_logger] [warning] Некорректная строка в CSV: й4е
[2025-02-10 10:55:15.688] [file_logger] [warning] Некорректная строка в CSV: р
[2025-02-10 10:55:15.688] [file_logger] [warning] Некорректная строка в CSV: йе
[2025-02-10 10:55:15.688] [file_logger] [warning] Некорректная строка в CSV: и
[2025-02-10 10:55:15.688] [file_logger] [info] Загружено 3 билетов
[2025-02-10 10:56:21.793] [file_logger] [info] Получен запрос на создание выгрузку билетов
[2025-02-10 10:56:21.794] [file_logger] [warning] Некорректная строка в CSV: ук
[2025-02-10 10:56:21.794] [file_logger] [warning] Некорректная строка в CSV: цре4рц4
[2025-02-10 10:56:21.794] [file_logger] [warning] Некорректная строка в CSV: рео46ро64ро64йр9ейотроиоейтиеи
[2025-02-10 10:56:21.794] [file_logger] [warning] Некорректная строка в CSV: е
[2025-02-10 10:56:21.794] [file_logger] [warning] Некорректная строка в CSV: ие4ти
[2025-02-10 10:56:21.794] [file_logger] [warning] Некорректная строка в CSV: й4е
[2025-02-10 10:56:21.794] [file_logger] [warning] Некорректная строка в CSV: р
[2025-02-10 10:56:21.794] [file_logger] [warning] Некорректная строка в CSV: йе
[2025-02-10 10:56:21.794] [file_logger] [warning] Некорректная строка в CSV: и
[2025-02-10 10:56:21.794] [file_logger] [info] Загружено 3 билетов
[2025-02-10 10:56:29.857] [file_logger] [info] Логгер успешно создан!
[2025-02-10 10:56:33.120] [file_logger] [info] Получен запрос на создание выгрузку билетов
[2025-02-10 10:56:33.120] [file_logger] [warning] Некорректная строка в CSV: ук
[2025-02-10 10:56:33.120] [file_logger] [warning] Некорректная строка в CSV: цре4рц4
[2025-02-10 10:56:33.120] [file_logger] [warning] Некорректная строка в CSV: рео46ро64ро64йр9ейотроиоейтиеи
[2025-02-10 10:56:33.120] [file_logger] [warning] Некорректная строка в CSV: е
[2025-02-10 10:56:33.120] [file_logger] [warning] Некорректная строка в CSV: ие4ти
[2025-02-10 10:56:33.120] [file_logger] [warning] Некорректная строка в CSV: й4е
[2025-02-10 10:56:33.120] [file_logger] [warning] Некорректная строка в CSV: р
[2025-02-10 10:56:33.120] [file_logger] [warning] Некорректная строка в CSV: йе
[2025-02-10 10:56:33.120] [file_logger] [warning] Некорректная строка в CSV: и
[2025-02-10 10:56:33.120] [file_logger] [info] Загружено 3 билетов
[2025-02-10 10:56:56.279] [file_logger] [info] Получен запрос на получение билетов на матч
[2025-02-10 10:58:25.640] [file_logger] [info] Получен запрос на получение билетов на матч
[2025-02-10 10:59:03.544] [file_logger] [info] Получен запрос на получение билетов на матч
[2025-02-10 11:01:13.844] [file_logger] [info] Логгер успешно создан!
[2025-02-10 11:01:24.857] [file_logger] [info] Получен запрос на создание выгрузку билетов
[2025-02-10 11:01:24.858] [file_logger] [warning] Некорректная строка в CSV: ук
[2025-02-10 11:01:24.858] [file_logger] [warning] Некорректная строка в CSV: цре4рц4
[2025-02-10 11:01:24.858] [file_logger] [warning] Некорректная строка в CSV: рео46ро64ро64йр9ейотроиоейтиеи
[2025-02-10 11:01:24.858] [file_logger] [warning] Некорректная строка в CSV: е
[2025-02-10 11:01:24.858] [file_logger] [warning] Некорректная строка в CSV: ие4ти
[2025-02-10 11:01:24.858] [file_logger] [warning] Некорректная строка в CSV: й4е
[2025-02-10 11:01:24.858] [file_logger] [warning] Некорректная строка в CSV: р
[2025-02-10 11:01:24.858] [file_logger] [warning] Некорректная строка в CSV: йе
[2025-02-10 11:01:24.858] [file_logger] [warning] Некорректная строка в CSV: и
[2025-02-10 11:01:24.858] [file_logger] [info] Загружено 3 билетов
[2025-02-10 11:01:30.548] [file_logger] [info] Получен запрос на получение билетов на матч
[2025-02-10 11:04:45.737] [file_logger] [info] Логгер успешно создан!
[2025-02-10 11:04:54.643] [file_logger] [info] Получен запрос на создание выгрузку билетов
[2025-02-10 11:04:54.643] [file_logger] [info] Загружено 23 билетов
[2025-02-10 11:04:56.126] [file_logger] [info] Получен запрос на получение билетов на матч
[2025-02-10 11:41:02.096] [file_logger] [info] Логгер успешно создан!
[2025-02-10 11:41:16.046] [file_logger] [info] Получен запрос на создание выгрузку билетов
[2025-02-10 11:41:16.046] [file_logger] [warning] Некорректная строка
[2025-02-10 11:41:16.046] [file_logger] [warning] Некорректная строка в CSV: 31,41,32,32
[2025-02-10 11:41:16.046] [file_logger] [warning] Некорректная строка
[2025-02-10 11:41:16.046] [file_logger] [warning] Некорректная строка в CSV: 31,F,-4,5
[2025-02-10 11:41:16.046] [file_logger] [warning] Некорректная строка
[2025-02-10 11:41:16.046] [file_logger] [warning] Некорректная строка в CSV: 45,2,53,-8
[2025-02-10 11:41:16.046] [file_logger] [info] Загружено 23 билетов
[2025-02-10 11:41:49.877] [file_logger] [info] Получен запрос на получение билетов на матч
[2025-02-10 11:59:24.458] [file_logger] [info] Логгер успешно создан!
[2025-02-10 11:59:26.942] [file_logger] [info] Получен запрос на создание выгрузку билетов
[2025-02-10 11:59:26.942] [file_logger] [warning] Некорректная строка
[2025-02-10 11:59:26.942] [file_logger] [warning] Некорректная строка в CSV: 31,41,32,32
[2025-02-10 11:59:26.942] [file_logger] [warning] Некорректная строка
[2025-02-10 11:59:26.942] [file_logger] [warning] Некорректная строка в CSV: 31,F,-4,5
[2025-02-10 11:59:26.942] [file_logger] [warning] Некорректная строка
[2025-02-10 11:59:26.942] [file_logger] [warning] Некорректная строка в CSV: 45,2,53,-8
[2025-02-10 11:59:26.942] [file_logger] [info] Загружено 23 билетов
[2025-02-10 11:59:32.381] [file_logger] [info] Получен запрос на получение билетов на матч
[2025-02-10 12:00:48.459] [file_logger] [info] Получен запрос на бронирование билета
[2025-02-10 12:00:48.466] [file_logger] [info] Билет забронирован пользователем: 123e456787
[2025-02-10 12:00:53.330] [file_logger] [info] Получен запрос на получение билетов на матч
[2025-02-10 12:02:10.973] [file_logger] [info] Логгер успешно создан!
[2025-02-10 12:02:20.655] [file_logger] [info] Получен запрос на бронирование билета
[2025-02-10 12:02:20.667] [file_logger] [info] Билет забронирован пользователем: 123e456787
[2025-02-10 12:02:43.516] [file_logger] [info] Получен запрос на создание выгрузку билетов
[2025-02-10 12:02:43.516] [file_logger] [warning] Некорректная строка
[2025-02-10 12:02:43.516] [file_logger] [warning] Некорректная строка в CSV: 31,41,32,32
[2025-02-10 12:02:43.516] [file_logger] [warning] Некорректная строка
[2025-02-10 12:02:43.516] [file_logger] [warning] Некорректная строка в CSV: 31,F,-4,5
[2025-02-10 12:02:43.516] [file_logger] [warning] Некорректная строка
[2025-02-10 12:02:43.517] [file_logger] [warning] Некорректная строка в CSV: 45,2,53,-8
[2025-02-10 12:02:43.517] [file_logger] [info] Загружено 23 билетов
[2025-02-10 12:02:47.833] [file_logger] [info] Получен запрос на получение билетов на матч
[2025-02-10 12:03:05.474] [file_logger] [info] Получен запрос на бронирование билета
[2025-02-10 12:03:05.477] [file_logger] [info] Билет забронирован пользователем: 123e456787
[2025-02-10 12:03:07.942] [file_logger] [info] Получен запрос на получение билетов на матч
[2025-02-10 12:05:11.461] [file_logger] [info] Получен запрос на получение билетов на матч
[2025-02-10 12:05:37.498] [file_logger] [info] Получен запрос на отмену бронирования билета
[2025-02-10 12:05:37.506] [file_logger] [info] Бронирование билета db7fba48-2d50-4e0e-a7b7-2d9b94093a47 отменено пользователем
[2025-02-10 12:05:40.359] [file_logger] [info] Получен запрос на получение билетов на матч
[2025-02-10 13:04:03.537] [file_logger] [info] Логгер успешно создан!
[2025-02-10 13:04:44.970] [file_logger] [info] Логгер успешно создан!
[2025-02-10 13:09:06.018] [file_logger] [info] Получен запрос на создание выгрузку билетов
[2025-02-10 13:09:06.019] [file_logger] [warning] Некорректная строка
[2025-02-10 13:09:06.020] [file_logger] [warning] Некорректная строка в CSV: 31,41,32,32
[2025-02-10 13:09:06.020] [file_logger] [warning] Некорректная строка
[2025-02-10 13:09:06.020] [file_logger] [warning] Некорректная строка в CSV: 31,F,-4,5
[2025-02-10 13:09:06.020] [file_logger] [warning] Некорректная строка
[2025-02-10 13:09:06.020] [file_logger] [warning] Некорректная строка в CSV: 45,2,53,-8
[2025-02-10 13:09:06.020] [file_logger] [info] Загружено 23 билетов
[2025-02-10 13:09:16.438] [file_logger] [info] Получен запрос на бронирование билета
[2025-02-10 13:09:16.445] [file_logger] [info] Билет забронирован пользователем: 123e456787
[2025-02-10 13:09:22.244] [file_logger] [info] Получен запрос на получение билетов на матч
[2025-02-10 13:09:46.458] [file_logger] [info] Получен запрос на бронирование билета
[2025-02-10 13:09:46.461] [file_logger] [info] Билет забронирован пользователем: 123e456787
[2025-02-10 13:09:48.427] [file_logger] [info] Получен запрос на получение билетов на матч
[2025-02-10 13:10:03.338] [file_logger] [info] Получен запрос на отмену бронирования билета
[2025-02-10 13:10:03.340] [file_logger] [info] Бронирование билета ad721d39-6e88-4698-8732-300d28e596e4 отменено пользователем
[2025-02-10 13:10:05.790] [file_logger] [info] Получен запрос на получение билетов на матч
