[2025-02-01 14:05:53.229] [file_logger] [info] Логгер успешно создан!
[2025-02-01 14:07:46.673] [file_logger] [info] Логгер успешно создан!
[2025-02-01 14:07:49.762] [file_logger] [info] Логгер успешно создан!
[2025-02-01 14:08:09.490] [file_logger] [info] Логгер успешно создан!
[2025-02-01 14:08:45.715] [file_logger] [info] Логгер успешно создан!
[2025-02-01 14:08:51.964] [file_logger] [info] Получен запрос на создание аккаунта организатора
[2025-02-01 14:08:51.979] [file_logger] [info] Организатор с email: xyugkxmtm@mail.ru успешно создан, id организатора: 9cf3f645-dde2-4234-a78f-1e4c25c4bf41
[2025-02-01 14:08:51.980] [file_logger] [info] Получен запрос на создание матча
[2025-02-01 14:08:51.985] [file_logger] [info] Получен запрос на создание матча
[2025-02-01 14:08:51.987] [file_logger] [info] Получен запрос на создание аккаунта организатора
[2025-02-01 14:08:51.988] [file_logger] [info] Организатор с email: hfvdwjwg@outlook.com успешно создан, id организатора: bf37608e-a13b-47ab-8c5c-b36da92da5e0
[2025-02-01 14:08:51.989] [file_logger] [info] Получен запрос на создание матча
[2025-02-01 14:08:51.991] [file_logger] [info] Получен запрос на создание матча
[2025-02-01 14:08:52.003] [file_logger] [info] Получен запрос на создание аккаунта организатора
[2025-02-01 14:08:52.004] [file_logger] [info] Организатор с email: nazarzakrevski@gmail.com успешно создан, id организатора: 5f8130b2-54f9-483e-979b-2310f927fc4e
[2025-02-01 14:08:52.006] [file_logger] [info] Получен запрос на создание аккаунта организатора
[2025-02-01 14:08:52.007] [file_logger] [error] Пользователь с таким email уже существует, отказано в создании
[2025-02-01 14:08:52.008] [file_logger] [info] Получен запрос на создание аккаунта организатора
[2025-02-01 14:08:52.008] [file_logger] [error] Пропущены обязательные поля, отказано в создании
[2025-02-01 14:08:52.009] [file_logger] [info] Получен запрос на создание аккаунта организатора
[2025-02-01 14:08:52.009] [file_logger] [error] Пропущены обязательные поля, отказано в создании
[2025-02-01 14:08:52.018] [file_logger] [info] Получен запрос на создание аккаунта организатора
[2025-02-01 14:08:52.020] [file_logger] [info] Организатор с email: ugkangfp@gmail.com успешно создан, id организатора: 3de81a0c-5bfd-438d-9701-2feda9950cd3
[2025-02-01 14:08:52.023] [file_logger] [info] Получен запрос на получение данных организатора
[2025-02-01 14:08:52.024] [file_logger] [info] Информация об организаторе с organizer_id = 3de81a0c-5bfd-438d-9701-2feda9950cd3 успешно отправлена
[2025-02-01 14:08:52.025] [file_logger] [info] Получен запрос на создание аккаунта организатора
[2025-02-01 14:08:52.026] [file_logger] [info] Организатор с email: wllob@example.com успешно создан, id организатора: cbe4985c-18f5-4550-9942-b0683cc24f4a
[2025-02-01 14:08:52.027] [file_logger] [info] Получен запрос на получение данных организатора
[2025-02-01 14:08:52.027] [file_logger] [error] Не валидный формат organizer_id, отказано в получении информации об организаторе
[2025-02-01 14:08:52.040] [file_logger] [info] Получен запрос на создание аккаунта организатора
[2025-02-01 14:08:52.041] [file_logger] [info] Организатор с email: enpdnxw@yandex.ru успешно создан, id организатора: 8055e16b-11bb-4598-9ac1-1ca0f4660a83
[2025-02-01 14:08:52.045] [file_logger] [info] Получен запрос на обновление данных организатора
[2025-02-01 14:08:52.047] [file_logger] [info] Данные пользователя с id 8055e16b-11bb-4598-9ac1-1ca0f4660a83 успешно обновлены
[2025-02-01 14:08:52.049] [file_logger] [info] Получен запрос на создание аккаунта организатора
[2025-02-01 14:08:52.050] [file_logger] [info] Организатор с email: dhveoky@yandex.ru успешно создан, id организатора: c4da76c3-5417-49ea-a199-92981ea0eb2e
[2025-02-01 14:08:52.051] [file_logger] [info] Получен запрос на обновление данных организатора
[2025-02-01 14:08:52.051] [file_logger] [error] Неверный формат номера телефона, пользователю отказано в обновлении
[2025-02-01 14:08:52.053] [file_logger] [info] Получен запрос на создание аккаунта организатора
[2025-02-01 14:08:52.054] [file_logger] [info] Организатор с email: zcxir@gmail.com успешно создан, id организатора: 783364b7-0f0f-4fc6-944e-6a57061baae5
[2025-02-01 14:08:52.055] [file_logger] [info] Получен запрос на обновление данных организатора
[2025-02-01 14:08:52.055] [file_logger] [error] Неверный формат email, пользователю отказано в обновлении
[2025-02-01 14:08:52.057] [file_logger] [info] Получен запрос на создание аккаунта организатора
[2025-02-01 14:08:52.058] [file_logger] [info] Организатор с email: jajxsvizgj@mail.ru успешно создан, id организатора: 3b01a1f6-a239-48f1-a298-575717e5007c
[2025-02-01 14:08:52.059] [file_logger] [info] Получен запрос на обновление данных организатора
[2025-02-01 14:08:52.060] [file_logger] [info] Данные пользователя с id 3b01a1f6-a239-48f1-a298-575717e5007c успешно обновлены
[2025-02-01 14:08:52.062] [file_logger] [info] Получен запрос на создание аккаунта организатора
[2025-02-01 14:08:52.063] [file_logger] [info] Организатор с email: cflwkxv@example.com успешно создан, id организатора: 89a264cb-1aee-468e-9a94-3c678d5d1e13
[2025-02-01 14:08:52.064] [file_logger] [info] Получен запрос на создание аккаунта организатора
[2025-02-01 14:08:52.065] [file_logger] [info] Организатор с email: yzkwrbluw@yandex.ru успешно создан, id организатора: a4858128-26df-46a9-be03-82875ba95b02
[2025-02-01 14:08:52.066] [file_logger] [info] Получен запрос на обновление данных организатора
[2025-02-01 14:08:52.066] [file_logger] [error] Пользователь с email: cflwkxv@example.com уже существует, отказано в обновлении
[2025-02-01 14:09:26.700] [file_logger] [info] Логгер успешно создан!
[2025-02-01 14:09:30.579] [file_logger] [info] Логгер успешно создан!
[2025-02-01 14:11:25.886] [file_logger] [info] Логгер успешно создан!
[2025-02-01 14:11:29.952] [file_logger] [info] Получен запрос на создание аккаунта организатора
[2025-02-01 14:11:29.961] [file_logger] [info] Организатор с email: diyvwrbrxe@yandex.ru успешно создан, id организатора: 82772101-2f22-4ab4-b0bc-ff493b5b3805
[2025-02-01 14:11:29.962] [file_logger] [info] Получен запрос на создание матча
[2025-02-01 14:11:29.967] [file_logger] [info] Получен запрос на создание матча
[2025-02-01 14:11:29.968] [file_logger] [info] Получен запрос на создание аккаунта организатора
[2025-02-01 14:11:29.970] [file_logger] [info] Организатор с email: imwtjsquxq@gmail.com успешно создан, id организатора: e598b878-8509-4928-b7b3-02fd634b104b
[2025-02-01 14:11:29.971] [file_logger] [info] Получен запрос на создание матча
[2025-02-01 14:11:29.973] [file_logger] [info] Получен запрос на создание матча
[2025-02-01 14:11:29.983] [file_logger] [info] Получен запрос на создание аккаунта организатора
[2025-02-01 14:11:29.984] [file_logger] [info] Организатор с email: nazarzakrevski@gmail.com успешно создан, id организатора: e9862f3d-570c-478f-891b-e86d70a39f80
[2025-02-01 14:11:29.985] [file_logger] [info] Получен запрос на создание аккаунта организатора
[2025-02-01 14:11:29.986] [file_logger] [error] Пользователь с таким email уже существует, отказано в создании
[2025-02-01 14:11:29.987] [file_logger] [info] Получен запрос на создание аккаунта организатора
[2025-02-01 14:11:29.987] [file_logger] [error] Пропущены обязательные поля, отказано в создании
[2025-02-01 14:11:29.988] [file_logger] [info] Получен запрос на создание аккаунта организатора
[2025-02-01 14:11:29.988] [file_logger] [error] Пропущены обязательные поля, отказано в создании
[2025-02-01 14:11:29.998] [file_logger] [info] Получен запрос на создание аккаунта организатора
[2025-02-01 14:11:29.999] [file_logger] [info] Организатор с email: akcwbjfsyb@example.com успешно создан, id организатора: 828ab089-a322-4a9e-8505-71da17c4ad7e
[2025-02-01 14:11:30.003] [file_logger] [info] Получен запрос на получение данных организатора
[2025-02-01 14:11:30.004] [file_logger] [info] Информация об организаторе с organizer_id = 828ab089-a322-4a9e-8505-71da17c4ad7e успешно отправлена
[2025-02-01 14:11:30.005] [file_logger] [info] Получен запрос на создание аккаунта организатора
[2025-02-01 14:11:30.007] [file_logger] [info] Организатор с email: uibpr@outlook.com успешно создан, id организатора: 22b087dd-964d-4133-9ec9-0c80d1b13d3b
[2025-02-01 14:11:30.008] [file_logger] [info] Получен запрос на получение данных организатора
[2025-02-01 14:11:30.008] [file_logger] [error] Не валидный формат organizer_id, отказано в получении информации об организаторе
[2025-02-01 14:11:30.018] [file_logger] [info] Получен запрос на создание аккаунта организатора
[2025-02-01 14:11:30.019] [file_logger] [info] Организатор с email: flpoiml@mail.ru успешно создан, id организатора: 67b701cc-2b74-441e-8892-116061e466f0
[2025-02-01 14:11:30.021] [file_logger] [info] Получен запрос на обновление данных организатора
[2025-02-01 14:11:30.022] [file_logger] [info] Данные пользователя с id 67b701cc-2b74-441e-8892-116061e466f0 успешно обновлены
[2025-02-01 14:11:30.024] [file_logger] [info] Получен запрос на создание аккаунта организатора
[2025-02-01 14:11:30.025] [file_logger] [info] Организатор с email: majano@gmail.com успешно создан, id организатора: 43f996f6-2418-423c-b2ef-d538cb1732d6
[2025-02-01 14:11:30.026] [file_logger] [info] Получен запрос на обновление данных организатора
[2025-02-01 14:11:30.026] [file_logger] [error] Неверный формат номера телефона, пользователю отказано в обновлении
[2025-02-01 14:11:30.027] [file_logger] [info] Получен запрос на создание аккаунта организатора
[2025-02-01 14:11:30.029] [file_logger] [info] Организатор с email: uqjvxhuy@outlook.com успешно создан, id организатора: ad7d01b7-8d71-47f3-864a-968344c9a5f8
[2025-02-01 14:11:30.030] [file_logger] [info] Получен запрос на обновление данных организатора
[2025-02-01 14:11:30.030] [file_logger] [error] Неверный формат email, пользователю отказано в обновлении
[2025-02-01 14:11:30.031] [file_logger] [info] Получен запрос на создание аккаунта организатора
[2025-02-01 14:11:30.032] [file_logger] [info] Организатор с email: kxyxvvax@mail.ru успешно создан, id организатора: c6928b45-d261-4c17-9800-e1d05977dcf7
[2025-02-01 14:11:30.033] [file_logger] [info] Получен запрос на обновление данных организатора
[2025-02-01 14:11:30.034] [file_logger] [info] Данные пользователя с id c6928b45-d261-4c17-9800-e1d05977dcf7 успешно обновлены
[2025-02-01 14:11:30.036] [file_logger] [info] Получен запрос на создание аккаунта организатора
[2025-02-01 14:11:30.037] [file_logger] [info] Организатор с email: fbafkkh@example.com успешно создан, id организатора: a9f9f3f0-01bd-4f11-9906-a606c464de1b
[2025-02-01 14:11:30.038] [file_logger] [info] Получен запрос на создание аккаунта организатора
[2025-02-01 14:11:30.039] [file_logger] [info] Организатор с email: bjtkmqxy@gmail.com успешно создан, id организатора: d7af0c91-d5ab-419b-b6b3-ff71865d601e
[2025-02-01 14:11:30.040] [file_logger] [info] Получен запрос на обновление данных организатора
[2025-02-01 14:11:30.040] [file_logger] [error] Пользователь с email: fbafkkh@example.com уже существует, отказано в обновлении
[2025-02-01 14:23:41.861] [file_logger] [info] Логгер успешно создан!
[2025-02-01 14:36:05.640] [file_logger] [info] Логгер успешно создан!
[2025-02-01 14:46:47.648] [file_logger] [info] Логгер успешно создан!
[2025-02-01 14:47:14.528] [file_logger] [info] Получен запрос на создание аккаунта организатора
[2025-02-01 14:47:14.538] [file_logger] [info] Организатор с email: organizer_qwerty@gmail.com успешно создан, id организатора: 86543ba2-40e2-4082-976d-a553ea8356a4
[2025-02-01 15:20:57.884] [file_logger] [info] Логгер успешно создан!
[2025-02-01 15:21:32.026] [file_logger] [info] Логгер успешно создан!
[2025-02-01 15:22:01.419] [file_logger] [info] Логгер успешно создан!
[2025-02-01 15:22:30.514] [file_logger] [info] Логгер успешно создан!
[2025-02-01 15:23:26.983] [file_logger] [info] Логгер успешно создан!
[2025-02-01 15:25:18.177] [file_logger] [info] Получен запрос на создание аккаунта организатора
[2025-02-01 15:25:18.187] [file_logger] [info] Организатор с email: organizer_qwerty@gmail.com успешно создан, id организатора: 9f73e717-744a-487a-ae5e-3d9ad3d812de
[2025-02-01 15:25:39.162] [file_logger] [info] Получен запрос на получение данных организатора
[2025-02-01 15:25:39.163] [file_logger] [info] Информация об организаторе с organizer_id = 9f73e717-744a-487a-ae5e-3d9ad3d812de успешно отправлена
[2025-02-01 15:26:38.067] [file_logger] [info] Получен запрос на создание аккаунта организатора
[2025-02-01 15:26:38.067] [file_logger] [error] Пропущены обязательные поля
[2025-02-01 15:27:05.030] [file_logger] [info] Получен запрос на создание аккаунта организатора
[2025-02-01 15:27:05.032] [file_logger] [info] Организатор с email: wevwrvr@gmail.com успешно создан, id организатора: db4eea5b-6a60-486b-8165-609008a027c9
[2025-02-01 15:31:22.604] [file_logger] [info] Логгер успешно создан!
[2025-02-01 15:31:31.064] [file_logger] [info] Получен запрос на создание аккаунта организатора
[2025-02-01 15:31:31.073] [file_logger] [info] Организатор с email: organizer_qwerty@gmail.com успешно создан, id организатора: 75beca3b-fcad-4b0f-9126-8d8d4763efd6
[2025-02-01 15:32:28.164] [file_logger] [info] Получен запрос на получение данных организатора
[2025-02-01 15:32:28.166] [file_logger] [info] Информация об организаторе с organizer_id = 75beca3b-fcad-4b0f-9126-8d8d4763efd6 успешно отправлена
[2025-02-01 15:32:49.507] [file_logger] [info] Логгер успешно создан!
[2025-02-01 15:32:57.023] [file_logger] [info] Получен запрос на создание аккаунта организатора
[2025-02-01 15:32:57.030] [file_logger] [info] Организатор с email: organizer_qwerty@gmail.com успешно создан, id организатора: 9c8749f4-919c-49dc-9629-4e61d8f9f968
[2025-02-01 15:33:06.522] [file_logger] [info] Получен запрос на получение данных организатора
[2025-02-01 15:33:06.523] [file_logger] [info] Информация об организаторе с organizer_id = 9c8749f4-919c-49dc-9629-4e61d8f9f968 успешно отправлена
[2025-02-01 15:33:07.214] [file_logger] [info] Получен запрос на получение данных организатора
[2025-02-01 15:33:07.215] [file_logger] [info] Информация об организаторе с organizer_id = 9c8749f4-919c-49dc-9629-4e61d8f9f968 успешно отправлена
<<<<<<< HEAD
<<<<<<< HEAD
=======
>>>>>>> 11f9e27 (test update password added, some fix in auth)
[2025-02-02 00:29:13.671] [file_logger] [info] Логгер успешно создан!
[2025-02-02 00:29:33.925] [file_logger] [info] Получен запрос на создание аккаунта организатора
[2025-02-02 00:29:33.936] [file_logger] [info] Организатор с email: organizer_qwerty@gmail.com успешно создан, id организатора: caebc33d-8a6c-437b-9760-9cbdd5f61060
[2025-02-02 00:29:57.570] [file_logger] [info] Получен запрос на обновление данных организатора
[2025-02-02 00:29:57.573] [file_logger] [info] Данные пользователя с id caebc33d-8a6c-437b-9760-9cbdd5f61060 успешно обновлены
[2025-02-02 00:30:09.697] [file_logger] [info] Получен запрос на получение данных организатора
[2025-02-02 00:30:09.699] [file_logger] [info] Информация об организаторе с organizer_id = caebc33d-8a6c-437b-9760-9cbdd5f61060 успешно отправлена
[2025-02-02 00:30:25.749] [file_logger] [info] Получен запрос на обновление данных организатора
[2025-02-02 00:30:25.763] [file_logger] [info] Данные пользователя с id caebc33d-8a6c-437b-9760-9cbdd5f61060 успешно обновлены
[2025-02-02 00:30:30.560] [file_logger] [info] Получен запрос на получение данных организатора
[2025-02-02 00:30:30.562] [file_logger] [info] Информация об организаторе с organizer_id = caebc33d-8a6c-437b-9760-9cbdd5f61060 успешно отправлена
<<<<<<< HEAD
[2025-02-03 18:47:21.467] [file_logger] [info] Логгер успешно создан!
[2025-02-03 18:47:33.584] [file_logger] [info] Получен запрос на создание аккаунта организатора
[2025-02-03 18:47:33.590] [file_logger] [info] Организатор с email: qptdsmwww@gmail.com успешно создан, id организатора: dce9cc78-c6ae-4a8c-acff-c4350e759872
[2025-02-03 18:47:33.592] [file_logger] [info] Получен запрос на создание матча
[2025-02-03 18:47:33.597] [file_logger] [info] Получен запрос на создание матча
[2025-02-03 18:47:33.599] [file_logger] [info] Получен запрос на создание аккаунта организатора
[2025-02-03 18:47:33.600] [file_logger] [info] Организатор с email: rafgaawfu@mail.ru успешно создан, id организатора: d53e7a23-c8f3-4f27-a8b7-1298a560759b
[2025-02-03 18:47:33.601] [file_logger] [info] Получен запрос на создание матча
[2025-02-03 18:47:33.604] [file_logger] [info] Получен запрос на создание матча
[2025-02-03 18:47:33.615] [file_logger] [info] Получен запрос на создание аккаунта организатора
[2025-02-03 18:47:33.616] [file_logger] [info] Организатор с email: nazarzakrevski@gmail.com успешно создан, id организатора: 6ef7e5ab-367e-4e11-8557-fc6ca28bbc05
[2025-02-03 18:47:33.618] [file_logger] [info] Получен запрос на создание аккаунта организатора
[2025-02-03 18:47:33.618] [file_logger] [error] Пользователь с таким email уже существует, отказано в создании
[2025-02-03 18:47:33.620] [file_logger] [info] Получен запрос на создание аккаунта организатора
[2025-02-03 18:47:33.620] [file_logger] [error] Пропущены обязательные поля, отказано в создании
[2025-02-03 18:47:33.621] [file_logger] [info] Получен запрос на создание аккаунта организатора
[2025-02-03 18:47:33.621] [file_logger] [error] Пропущены обязательные поля, отказано в создании
[2025-02-03 18:47:33.632] [file_logger] [info] Получен запрос на создание аккаунта организатора
[2025-02-03 18:47:33.633] [file_logger] [info] Организатор с email: jntfm@mail.ru успешно создан, id организатора: 7f6d2724-bc6f-430d-a8d7-71cd64660efa
[2025-02-03 18:47:33.636] [file_logger] [info] Получен запрос на получение данных организатора
[2025-02-03 18:47:33.637] [file_logger] [info] Информация об организаторе с organizer_id = 7f6d2724-bc6f-430d-a8d7-71cd64660efa успешно отправлена
[2025-02-03 18:47:33.639] [file_logger] [info] Получен запрос на создание аккаунта организатора
[2025-02-03 18:47:33.640] [file_logger] [info] Организатор с email: slmnbs@example.com успешно создан, id организатора: 6c06d351-d0b3-446c-b3f0-36e493b073c2
[2025-02-03 18:47:33.641] [file_logger] [info] Получен запрос на получение данных организатора
[2025-02-03 18:47:33.641] [file_logger] [error] Не валидный формат organizer_id, отказано в получении информации об организаторе
[2025-02-03 18:47:33.652] [file_logger] [info] Получен запрос на создание аккаунта организатора
[2025-02-03 18:47:33.653] [file_logger] [info] Организатор с email: xwocu@outlook.com успешно создан, id организатора: a87b5f89-923f-431d-9c09-5591290c2b90
[2025-02-03 18:47:33.656] [file_logger] [info] Получен запрос на обновление данных организатора
[2025-02-03 18:47:33.657] [file_logger] [info] Данные пользователя с id a87b5f89-923f-431d-9c09-5591290c2b90 успешно обновлены
[2025-02-03 18:47:33.659] [file_logger] [info] Получен запрос на создание аккаунта организатора
[2025-02-03 18:47:33.660] [file_logger] [info] Организатор с email: kzlfbbh@gmail.com успешно создан, id организатора: bde597ed-2985-42ae-a507-3af37e63421e
[2025-02-03 18:47:33.661] [file_logger] [info] Получен запрос на обновление данных организатора
[2025-02-03 18:47:33.661] [file_logger] [error] Неверный формат номера телефона, пользователю отказано в обновлении
[2025-02-03 18:47:33.663] [file_logger] [info] Получен запрос на создание аккаунта организатора
[2025-02-03 18:47:33.664] [file_logger] [info] Организатор с email: tohpqtf@outlook.com успешно создан, id организатора: 03da33c3-1028-448a-ab61-51d879022dd2
[2025-02-03 18:47:33.665] [file_logger] [info] Получен запрос на обновление данных организатора
[2025-02-03 18:47:33.665] [file_logger] [error] Неверный формат email, пользователю отказано в обновлении
[2025-02-03 18:47:33.667] [file_logger] [info] Получен запрос на создание аккаунта организатора
[2025-02-03 18:47:33.668] [file_logger] [info] Организатор с email: grrznz@example.com успешно создан, id организатора: 9bec1f3e-a953-46f0-b5a6-a4417d2999ba
[2025-02-03 18:47:33.669] [file_logger] [info] Получен запрос на обновление данных организатора
[2025-02-03 18:47:33.670] [file_logger] [info] Данные пользователя с id 9bec1f3e-a953-46f0-b5a6-a4417d2999ba успешно обновлены
[2025-02-03 18:47:33.672] [file_logger] [info] Получен запрос на создание аккаунта организатора
[2025-02-03 18:47:33.673] [file_logger] [info] Организатор с email: rmfsnffn@gmail.com успешно создан, id организатора: c02f061b-54e4-4abe-b7f1-8ff0c289b93f
[2025-02-03 18:47:33.674] [file_logger] [info] Получен запрос на создание аккаунта организатора
[2025-02-03 18:47:33.674] [file_logger] [info] Организатор с email: ejoailfpr@outlook.com успешно создан, id организатора: c3d37e54-b932-4868-95bc-8dd48f7b7355
[2025-02-03 18:47:33.675] [file_logger] [info] Получен запрос на обновление данных организатора
[2025-02-03 18:47:33.676] [file_logger] [error] Пользователь с email: rmfsnffn@gmail.com уже существует, отказано в обновлении
=======
>>>>>>> 9a32d90 (documentation added)
=======
>>>>>>> 11f9e27 (test update password added, some fix in auth)
