[2025-01-30 11:20:22.551] [file_logger] [info] Логгер успешно создан!
[2025-01-30 11:20:29.761] [file_logger] [info] Получен запрос на создание аккаунта пользователя
[2025-01-30 11:20:47.623] [file_logger] [info] Получен запрос на обновление аккаунта пользователя:
[2025-01-30 11:20:47.626] [file_logger] [info] Пользователь bd00d899-8cd6-4e82-96b5-8a88df8f868a ввел неверный формат email, отказано в обновлении профиля
[2025-01-30 11:21:02.538] [file_logger] [info] Получен запрос на обновление аккаунта пользователя:
[2025-01-30 11:21:02.538] [file_logger] [info] Пользователь bd00d899-8cd6-4e82-96b5-8a88df8f868a ввел неверный формат номера телефона, отказано в обновлении профиля
[2025-01-30 11:21:23.992] [file_logger] [info] Получен запрос на обновление аккаунта пользователя:
[2025-01-30 11:21:24.000] [file_logger] [info] Пользователь bd00d899-8cd6-4e82-96b5-8a88df8f868a обновил данные аккаунта
[2025-01-30 11:23:42.307] [file_logger] [info] Логгер успешно создан!
[2025-01-30 11:23:47.418] [file_logger] [info] Получен запрос на создание аккаунта пользователя
[2025-01-30 11:24:04.484] [file_logger] [info] Получен запрос на обновление аккаунта пользователя:
[2025-01-30 11:24:04.485] [file_logger] [warning] Пользователь 1214e133-3269-488e-a61e-f38fb354665c ввел неверный формат номера телефона, отказано в обновлении профиля
[2025-01-30 11:24:06.939] [file_logger] [info] Получен запрос на обновление аккаунта пользователя:
[2025-01-30 11:24:06.945] [file_logger] [info] Пользователь 1214e133-3269-488e-a61e-f38fb354665c обновил данные аккаунта
[2025-01-30 11:24:43.778] [file_logger] [info] Логгер успешно создан!
[2025-01-30 11:24:46.653] [file_logger] [info] Получен запрос на создание аккаунта пользователя
[2025-01-30 11:24:56.828] [file_logger] [info] Получен запрос на обновление аккаунта пользователя:
[2025-01-30 11:24:56.829] [file_logger] [error] Пользователь 85700b5c-f3e8-4800-8ee5-8767723f418d ввел неверный формат номера телефона, отказано в обновлении профиля
[2025-01-30 11:29:59.802] [file_logger] [info] Логгер успешно создан!
[2025-01-30 11:30:06.369] [file_logger] [info] Получен запрос на создание аккаунта пользователя
[2025-01-30 11:30:06.392] [file_logger] [info] Пользователь с email: zacnazar20@gmail.com успешно создан, id пользователя - 421c5e52-f97d-480f-853d-f7098d63d54c
[2025-01-30 11:30:20.230] [file_logger] [info] Получен запрос на создание аккаунта пользователя
[2025-01-30 11:30:20.231] [file_logger] [error] Пользователь с email: zacnazar20@gmail.com уже существует
[2025-01-30 15:44:51.925] [file_logger] [info] Логгер успешно создан!
