[2025-02-13 13:29:33.204] [file_logger] [info] Логгер успешно создан!
[2025-02-13 13:29:50.467] [file_logger] [info] Логгер успешно создан!
[2025-02-13 13:29:53.537] [file_logger] [info] Логгер успешно создан!
[2025-02-13 13:29:54.311] [file_logger] [info] Логгер успешно создан!
[2025-02-13 13:29:54.640] [file_logger] [info] Логгер успешно создан!
[2025-02-13 13:29:54.826] [file_logger] [info] Логгер успешно создан!
[2025-02-13 13:29:54.976] [file_logger] [info] Логгер успешно создан!
[2025-02-13 13:29:55.666] [file_logger] [info] Логгер успешно создан!
[2025-02-13 13:30:07.255] [file_logger] [info] Логгер успешно создан!
[2025-02-13 13:30:33.373] [file_logger] [info] Логгер успешно создан!
[2025-02-13 13:31:00.758] [file_logger] [info] Логгер успешно создан!
[2025-02-13 13:31:34.483] [file_logger] [info] Логгер успешно создан!
[2025-02-13 13:33:55.894] [file_logger] [info] Логгер успешно создан!
[2025-02-13 13:34:27.545] [file_logger] [info] Логгер успешно создан!
[2025-02-13 13:34:29.488] [file_logger] [info] Логгер успешно создан!
[2025-02-13 13:34:30.197] [file_logger] [info] Логгер успешно создан!
[2025-02-13 13:35:14.070] [file_logger] [info] Пользователь 03e40c24-1d2c-4480-90e7-ad58cd17192f создает платеж на сумму 1000 RUB
[2025-02-13 13:35:14.089] [file_logger] [info] Платеж 270535d2-e624-44a3-aef6-fea9651eef4c создан
[2025-02-13 13:35:55.766] [file_logger] [info] Запрошена информация о статусе операции 270535d2-e624-44a3-aef6-fea9651eef4c
[2025-02-13 13:50:21.156] [file_logger] [info] Логгер успешно создан!
[2025-02-13 13:50:39.965] [file_logger] [info] Пользователь 03e40c24-1d2c-4480-90e7-ad58cd17192f создает платеж на сумму 1000 RUB
[2025-02-13 13:50:40.080] [file_logger] [info] Платеж b679d870-041d-4d3e-83cd-b6f2a8f5036c создан
[2025-02-13 15:24:36.981] [file_logger] [info] Логгер успешно создан!
[2025-02-13 15:25:47.867] [file_logger] [info] Логгер успешно создан!
[2025-02-13 15:25:58.394] [file_logger] [info] Пользователь 03e40c24-1d2c-4480-90e7-ad58cd17192f создает платеж на сумму 1000 RUB
[2025-02-13 15:27:42.503] [file_logger] [info] Логгер успешно создан!
[2025-02-13 15:27:47.569] [file_logger] [info] Пользователь 03e40c24-1d2c-4480-90e7-ad58cd17192f создает платеж на сумму 1000 RUB
[2025-02-13 15:29:05.796] [file_logger] [info] Логгер успешно создан!
[2025-02-13 15:29:09.306] [file_logger] [info] Пользователь 03e40c24-1d2c-4480-90e7-ad58cd17192f создает платеж на сумму 1000 RUB
[2025-02-13 15:29:09.311] [file_logger] [info] Платеж e3df19d5-ea2b-4510-9f1e-35fbec139d0f создан
[2025-02-13 15:29:24.913] [file_logger] [info] Запрошена информация о статусе операции e3df19d5-ea2b-4510-9f1e-35fbec139d0f
[2025-02-13 15:43:49.532] [file_logger] [info] Пользователь 03e40c24-1d2c-4480-90e7-ad58cd17192f создает платеж на сумму 1000 RUB
[2025-02-13 15:43:49.563] [file_logger] [info] Платеж 29fb0589-8908-4676-b03c-03101b5fdbeb создан
[2025-02-13 15:45:47.577] [file_logger] [info] Пользователь 03e40c24-1d2c-4480-90e7-ad58cd17192f создает платеж на сумму 1000 RUB
[2025-02-13 15:45:47.600] [file_logger] [info] Платеж 08359169-5ba7-4eff-8585-5b027e60725f создан
[2025-02-13 16:02:31.148] [file_logger] [info] Логгер успешно создан!
[2025-02-13 16:02:36.634] [file_logger] [info] Пользователь 03e40c24-1d2c-4480-90e7-ad58cd17192f создает платеж на сумму 1000 RUB
[2025-02-13 16:02:36.641] [file_logger] [info] Платеж b991bc4f-8a85-4527-99bb-0c2825eebe98 создан
[2025-02-13 16:03:54.198] [file_logger] [info] Логгер успешно создан!
[2025-02-13 16:03:58.928] [file_logger] [info] Пользователь 03e40c24-1d2c-4480-90e7-ad58cd17192f создает платеж на сумму 1000 RUB
[2025-02-13 16:03:58.943] [file_logger] [info] Платеж 7365760b-614e-4b47-91ac-bcfa9bc6e2b2 создан
[2025-02-13 16:05:44.666] [file_logger] [info] Логгер успешно создан!
[2025-02-13 16:05:48.617] [file_logger] [info] Пользователь 03e40c24-1d2c-4480-90e7-ad58cd17192f создает платеж на сумму 1000 RUB
[2025-02-13 16:05:48.635] [file_logger] [info] Платеж d4f8c055-981f-474a-8962-7a6a9caa4ca7 создан
[2025-02-13 17:56:38.861] [file_logger] [info] Пользователь 03e40c24-1d2c-4480-90e7-ad58cd17192f создает платеж на сумму 100.00 USD
[2025-02-13 17:56:38.902] [file_logger] [info] Платеж e662ce97-d1ad-4b7d-b133-5e1d9cbd74aa создан
[2025-02-13 23:39:06.161] [file_logger] [info] Логгер успешно создан!
[2025-02-13 23:39:09.288] [file_logger] [info] Пользователь 03e40c24-1d2c-4480-90e7-ad58cd17192f создает платеж на сумму 100.00 USD
[2025-02-13 23:39:09.296] [file_logger] [info] Платеж 1f50f7ac-5345-4969-87ba-9b8c18bc9ef0 создан
[2025-02-13 23:40:41.072] [file_logger] [info] Логгер успешно создан!
[2025-02-13 23:40:43.856] [file_logger] [info] Пользователь 03e40c24-1d2c-4480-90e7-ad58cd17192f создает платеж на сумму 100.00 USD
[2025-02-13 23:40:43.860] [file_logger] [info] Платеж cda74ddc-7f46-46f9-8529-fa57f652f105 создан
[2025-02-13 23:40:43.893] [file_logger] [info] Пользователь 03e40c24-1d2c-4480-90e7-ad58cd17192f создает платеж на сумму 100.00 USD
[2025-02-13 23:40:43.894] [file_logger] [info] Платеж cf16b494-f089-4912-b4e9-86ecc9415d76 создан
[2025-02-13 23:40:43.895] [file_logger] [info] Пользователь 03e40c24-1d2c-4480-90e7-ad58cd17192f создает платеж на сумму 100.00 USD
[2025-02-13 23:40:43.896] [file_logger] [info] Платеж 3118ecd7-1ae6-4d8e-8baf-1a71132faba6 создан
[2025-02-13 23:41:58.995] [file_logger] [info] Логгер успешно создан!
[2025-02-13 23:42:01.129] [file_logger] [info] Пользователь 03e40c24-1d2c-4480-90e7-ad58cd17192f создает платеж на сумму 100.00 USD
[2025-02-13 23:42:01.134] [file_logger] [info] Платеж 831f1692-f876-4e36-8310-be62d79ce468 создан
[2025-02-13 23:42:01.174] [file_logger] [info] Пользователь 03e40c24-1d2c-4480-90e7-ad58cd17192f создает платеж на сумму 100.00 USD
[2025-02-13 23:42:46.514] [file_logger] [info] Логгер успешно создан!
[2025-02-13 23:42:52.809] [file_logger] [info] Логгер успешно создан!
[2025-02-13 23:42:55.372] [file_logger] [info] Пользователь 03e40c24-1d2c-4480-90e7-ad58cd17192f создает платеж на сумму 100.00 USD
[2025-02-13 23:42:55.376] [file_logger] [info] Платеж aee73786-6d2f-4b44-9ea7-9b00446227a0 создан
[2025-02-13 23:42:55.417] [file_logger] [info] Пользователь 03e40c24-1d2c-4480-90e7-ad58cd17192f создает платеж на сумму 100.00 USD
[2025-02-13 23:42:55.418] [file_logger] [info] Платеж 07e5d567-d131-4477-9e2f-f9964bb441a3 создан
[2025-02-13 23:42:55.419] [file_logger] [info] Пользователь 03e40c24-1d2c-4480-90e7-ad58cd17192f создает платеж на сумму 100.00 USD
[2025-02-13 23:43:17.060] [file_logger] [info] Логгер успешно создан!
[2025-02-13 23:43:19.203] [file_logger] [info] Пользователь 03e40c24-1d2c-4480-90e7-ad58cd17192f создает платеж на сумму 100.00 USD
[2025-02-13 23:43:19.220] [file_logger] [info] Платеж 156296f5-3c65-404f-ad17-27938fad13dc создан
[2025-02-13 23:43:19.253] [file_logger] [info] Пользователь 03e40c24-1d2c-4480-90e7-ad58cd17192f создает платеж на сумму 100.00 USD
[2025-02-13 23:43:19.254] [file_logger] [info] Платеж 5379c232-e5ac-46ee-a048-2e737dc066ce создан
[2025-02-13 23:43:19.256] [file_logger] [info] Пользователь 03e40c24-1d2c-4480-90e7-ad58cd17192f создает платеж на сумму 100.00 USD
[2025-02-13 23:44:42.377] [file_logger] [info] Логгер успешно создан!
[2025-02-13 23:44:45.064] [file_logger] [info] Пользователь 03e40c24-1d2c-4480-90e7-ad58cd17192f создает платеж на сумму 100.00 USD
[2025-02-13 23:44:45.067] [file_logger] [info] Платеж 5779fcf7-e5f3-47a6-bf8a-dbcdca6bf973 создан
[2025-02-13 23:44:45.099] [file_logger] [info] Пользователь 03e40c24-1d2c-4480-90e7-ad58cd17192f создает платеж на сумму 100.00 USD
[2025-02-13 23:44:45.101] [file_logger] [info] Платеж 0f52ef96-c190-4865-82ff-74a451494c2d создан
[2025-02-13 23:44:45.102] [file_logger] [info] Пользователь 03e40c24-1d2c-4480-90e7-ad58cd17192f создает платеж на сумму 100.00 USD
[2025-02-13 23:45:21.312] [file_logger] [info] Логгер успешно создан!
[2025-02-13 23:45:23.674] [file_logger] [info] Пользователь 03e40c24-1d2c-4480-90e7-ad58cd17192f создает платеж на сумму 100.00 USD
[2025-02-13 23:45:23.690] [file_logger] [info] Платеж 76690f66-da48-47a7-a34a-2297fa9def06 создан
[2025-02-13 23:45:23.720] [file_logger] [info] Пользователь 03e40c24-1d2c-4480-90e7-ad58cd17192f создает платеж на сумму 100.00 USD
[2025-02-13 23:45:23.722] [file_logger] [info] Платеж 2e5561a2-7756-4d96-8158-abad040ff318 создан
[2025-02-13 23:45:23.723] [file_logger] [info] Пользователь 03e40c24-1d2c-4480-90e7-ad58cd17192f создает платеж на сумму 100.00 USD
[2025-02-13 23:48:59.380] [file_logger] [info] Логгер успешно создан!
[2025-02-13 23:49:02.284] [file_logger] [info] Пользователь 03e40c24-1d2c-4480-90e7-ad58cd17192f создает платеж на сумму 100.00 USD
[2025-02-13 23:49:02.292] [file_logger] [info] Платеж 60313c25-0e2f-45d9-b0e6-c3d698dcc812 создан
[2025-02-13 23:49:02.335] [file_logger] [info] Пользователь 03e40c24-1d2c-4480-90e7-ad58cd17192f создает платеж на сумму 100.00 USD
[2025-02-13 23:49:02.336] [file_logger] [info] Платеж cdde4a64-48c9-438d-9b13-6766dc86b433 создан
[2025-02-13 23:49:02.338] [file_logger] [info] Пользователь 03e40c24-1d2c-4480-90e7-ad58cd17192f создает платеж на сумму 100.00 USD
[2025-02-13 23:58:15.201] [file_logger] [info] Логгер успешно создан!
[2025-02-13 23:58:19.506] [file_logger] [info] Пользователь 03e40c24-1d2c-4480-90e7-ad58cd17192f создает платеж на сумму 100.00 USD
[2025-02-13 23:58:19.528] [file_logger] [info] Платеж 447f09fe-2f04-4e44-a361-78b8ab613967 создан
[2025-02-13 23:58:19.572] [file_logger] [info] Пользователь 03e40c24-1d2c-4480-90e7-ad58cd17192f создает платеж на сумму 100.00 USD
[2025-02-13 23:58:19.574] [file_logger] [info] Платеж 73ecdc5b-c1ed-41c9-93c4-bd517e71c597 создан
[2025-02-13 23:58:19.577] [file_logger] [info] Пользователь 03e40c24-1d2c-4480-90e7-ad58cd17192f создает платеж на сумму 100.00 USD
[2025-02-13 23:58:19.580] [file_logger] [info] Пользователь 03e40c24-1d2c-4352-90e7-fg58cd85385f создает платеж на сумму 100.00 USD
[2025-02-13 23:58:19.596] [file_logger] [info] Пользователь 03e40c24-1d2c-3244-90e7-cb8cd11292f создает платеж на сумму 10000 RUB
[2025-02-13 23:59:24.310] [file_logger] [info] Логгер успешно создан!
[2025-02-13 23:59:26.418] [file_logger] [info] Пользователь 03e40c24-1d2c-4480-90e7-ad58cd17192f создает платеж на сумму 100.00 USD
[2025-02-13 23:59:26.423] [file_logger] [info] Платеж 80ed185c-bc82-48cc-802a-166fd09e8fe5 создан
[2025-02-13 23:59:26.451] [file_logger] [info] Пользователь 03e40c24-1d2c-4480-90e7-ad58cd17192f создает платеж на сумму 100.00 USD
[2025-02-13 23:59:26.452] [file_logger] [info] Платеж 34ddfb5a-8451-46fd-86b0-a1bf248be133 создан
[2025-02-13 23:59:26.454] [file_logger] [info] Пользователь 03e40c24-1d2c-4480-90e7-ad58cd17192f создает платеж на сумму 100.00 USD
[2025-02-13 23:59:26.456] [file_logger] [info] Пользователь 03e40c24-1d2c-2943-90e7-ad58cd17192f создает платеж на сумму 100.00 USD
[2025-02-13 23:59:26.457] [file_logger] [info] Платеж 0b4c3319-f4b9-4741-806c-66f8920e3fb5 создан
[2025-02-13 23:59:26.458] [file_logger] [info] Получен webhook от платежной системы. ID платежа: 0b4c3319-f4b9-4741-806c-66f8920e3fb5. Статус: success
[2025-02-13 23:59:26.535] [file_logger] [info] Пользователь 03e40c24-1d2c-3427-90e7-ad58cd17192f создает платеж на сумму 10000 RUB
[2025-02-13 23:59:26.536] [file_logger] [info] Платеж dbdad1fa-5cd6-44fa-89be-1cd7d4bee572 создан
[2025-02-13 23:59:26.538] [file_logger] [info] Получен webhook от платежной системы. ID платежа: dbdad1fa-5cd6-44fa-89be-1cd7d4bee572. Статус: failed
[2025-02-14 00:01:10.010] [file_logger] [info] Логгер успешно создан!
[2025-02-14 00:01:13.553] [file_logger] [info] Пользователь 03e40c24-1d2c-4480-90e7-ad58cd17192f создает платеж на сумму 100.00 USD
[2025-02-14 00:01:13.557] [file_logger] [info] Платеж a3185b2d-0ddf-416d-8162-e0629e3f4bf6 создан
[2025-02-14 00:01:13.591] [file_logger] [info] Пользователь 03e40c24-1d2c-4480-90e7-ad58cd17192f создает платеж на сумму 100.00 USD
[2025-02-14 00:01:13.593] [file_logger] [info] Платеж 253e58b9-8160-4101-9672-d58894c5b9f1 создан
[2025-02-14 00:01:13.596] [file_logger] [info] Пользователь 03e40c24-1d2c-4480-90e7-ad58cd17192f создает платеж на сумму 100.00 USD
[2025-02-14 00:01:13.599] [file_logger] [info] Пользователь 03e40c24-1d2c-2943-90e7-ad58cd17192f создает платеж на сумму 100.00 USD
[2025-02-14 00:01:13.601] [file_logger] [info] Платеж 355fd908-d496-498b-a733-342e8d40d9c3 создан
[2025-02-14 00:01:13.602] [file_logger] [info] Получен webhook от платежной системы. ID платежа: 355fd908-d496-498b-a733-342e8d40d9c3. Статус: success
[2025-02-14 00:01:13.606] [file_logger] [info] Запрошена информация о статусе операции 355fd908-d496-498b-a733-342e8d40d9c3
[2025-02-14 00:01:13.608] [file_logger] [info] Пользователь 03e40c24-1d2c-3427-90e7-ad58cd17192f создает платеж на сумму 10000 RUB
[2025-02-14 00:01:13.609] [file_logger] [info] Платеж 611ec456-338b-435a-b5f0-f926e223e2f3 создан
[2025-02-14 00:01:13.610] [file_logger] [info] Получен webhook от платежной системы. ID платежа: 611ec456-338b-435a-b5f0-f926e223e2f3. Статус: failed
[2025-02-14 00:01:13.612] [file_logger] [info] Запрошена информация о статусе операции 611ec456-338b-435a-b5f0-f926e223e2f3
[2025-02-14 00:11:20.530] [file_logger] [info] Логгер успешно создан!
[2025-02-14 00:11:23.697] [file_logger] [info] Пользователь 03e40c24-1d2c-4480-90e7-ad58cd17192f создает платеж на сумму 100.00 USD
[2025-02-14 00:11:23.707] [file_logger] [info] Платеж 8f83564e-09a6-453e-ae44-5cded2b3b0d9 создан
[2025-02-14 00:11:23.762] [file_logger] [info] Пользователь 03e40c24-1d2c-4480-90e7-ad58cd17192f создает платеж на сумму 100.00 USD
[2025-02-14 00:11:23.763] [file_logger] [info] Платеж 3e9bf7d1-473c-4417-8f37-f8573d195613 создан
[2025-02-14 00:11:23.767] [file_logger] [info] Пользователь 03e40c24-1d2c-4480-90e7-ad58cd17192f создает платеж на сумму 100.00 USD
[2025-02-14 00:11:23.769] [file_logger] [info] Пользователь 03e40c24-1d2c-2943-90e7-ad58cd17192f создает платеж на сумму 100.00 USD
[2025-02-14 00:11:23.770] [file_logger] [info] Платеж 70c31420-4410-4384-961c-e5c82503e3eb создан
[2025-02-14 00:11:23.771] [file_logger] [info] Получен webhook от платежной системы. ID платежа: 70c31420-4410-4384-961c-e5c82503e3eb. Статус: success
[2025-02-14 00:11:23.774] [file_logger] [info] Запрошена информация о статусе операции 70c31420-4410-4384-961c-e5c82503e3eb
[2025-02-14 00:11:23.776] [file_logger] [info] Пользователь 03e40c24-1d2c-3427-90e7-ad58cd17192f создает платеж на сумму 10000 RUB
[2025-02-14 00:11:23.776] [file_logger] [info] Платеж d40b939a-914b-449c-8e45-09849e0cc883 создан
[2025-02-14 00:11:23.777] [file_logger] [info] Получен webhook от платежной системы. ID платежа: d40b939a-914b-449c-8e45-09849e0cc883. Статус: failed
[2025-02-14 00:11:23.779] [file_logger] [info] Запрошена информация о статусе операции d40b939a-914b-449c-8e45-09849e0cc883
[2025-02-14 00:11:32.448] [file_logger] [info] Пользователь 03e40c24-1d2c-4480-90e7-ad58cd17192f создает платеж на сумму 100.00 USD
[2025-02-14 00:11:32.504] [file_logger] [info] Пользователь 03e40c24-1d2c-4480-90e7-ad58cd17192f создает платеж на сумму 100.00 USD
[2025-02-14 00:11:32.508] [file_logger] [info] Пользователь 03e40c24-1d2c-2943-90e7-ad58cd17192f создает платеж на сумму 100.00 USD
[2025-02-14 00:11:32.512] [file_logger] [info] Пользователь 03e40c24-1d2c-3427-90e7-ad58cd17192f создает платеж на сумму 10000 RUB
[2025-02-14 00:11:32.523] [file_logger] [info] Пользователь 03e40c24-1d2c-2943-90e7-ad58cd17192f создает платеж на сумму 100.00 USD
[2025-02-14 00:11:37.228] [file_logger] [info] Логгер успешно создан!
[2025-02-14 00:11:39.630] [file_logger] [info] Пользователь 03e40c24-1d2c-4480-90e7-ad58cd17192f создает платеж на сумму 100.00 USD
[2025-02-14 00:11:39.634] [file_logger] [info] Платеж 4d6d24b7-e1e7-4ebc-852b-d0c021e1e042 создан
[2025-02-14 00:11:39.661] [file_logger] [info] Пользователь 03e40c24-1d2c-4480-90e7-ad58cd17192f создает платеж на сумму 100.00 USD
[2025-02-14 00:11:39.663] [file_logger] [info] Платеж f4f6350b-53c2-42f8-aa04-fcdb0441744f создан
[2025-02-14 00:11:39.666] [file_logger] [info] Пользователь 03e40c24-1d2c-4480-90e7-ad58cd17192f создает платеж на сумму 100.00 USD
[2025-02-14 00:11:39.668] [file_logger] [info] Пользователь 03e40c24-1d2c-2943-90e7-ad58cd17192f создает платеж на сумму 100.00 USD
[2025-02-14 00:11:39.669] [file_logger] [info] Платеж c354915d-2ae3-4ba5-9961-353baab86bff создан
[2025-02-14 00:11:39.671] [file_logger] [info] Получен webhook от платежной системы. ID платежа: c354915d-2ae3-4ba5-9961-353baab86bff. Статус: success
[2025-02-14 00:11:39.672] [file_logger] [info] Запрошена информация о статусе операции c354915d-2ae3-4ba5-9961-353baab86bff
[2025-02-14 00:11:39.674] [file_logger] [info] Пользователь 03e40c24-1d2c-3427-90e7-ad58cd17192f создает платеж на сумму 10000 RUB
[2025-02-14 00:11:39.676] [file_logger] [info] Платеж 270237cb-e0e0-4d12-b9ba-3c59e6a2c0f5 создан
[2025-02-14 00:11:39.677] [file_logger] [info] Получен webhook от платежной системы. ID платежа: 270237cb-e0e0-4d12-b9ba-3c59e6a2c0f5. Статус: failed
[2025-02-14 00:11:39.679] [file_logger] [info] Запрошена информация о статусе операции 270237cb-e0e0-4d12-b9ba-3c59e6a2c0f5
[2025-02-14 00:11:39.690] [file_logger] [info] Пользователь 03e40c24-1d2c-2943-90e7-ad58cd17192f создает платеж на сумму 100.00 USD
[2025-02-14 00:12:03.266] [file_logger] [info] Логгер успешно создан!
[2025-02-14 00:12:06.169] [file_logger] [info] Пользователь 03e40c24-1d2c-4480-90e7-ad58cd17192f создает платеж на сумму 100.00 USD
[2025-02-14 00:12:06.174] [file_logger] [info] Платеж 566fb816-7e47-4538-b4d6-7bde2c9ff78b создан
[2025-02-14 00:12:06.208] [file_logger] [info] Пользователь 03e40c24-1d2c-4480-90e7-ad58cd17192f создает платеж на сумму 100.00 USD
[2025-02-14 00:12:06.209] [file_logger] [info] Платеж 4b1af71f-19b8-4ce7-989f-196ddca3e9dc создан
[2025-02-14 00:12:06.212] [file_logger] [info] Пользователь 03e40c24-1d2c-4480-90e7-ad58cd17192f создает платеж на сумму 100.00 USD
[2025-02-14 00:12:06.215] [file_logger] [info] Пользователь 03e40c24-1d2c-2943-90e7-ad58cd17192f создает платеж на сумму 100.00 USD
[2025-02-14 00:12:06.217] [file_logger] [info] Платеж 92bc8308-4055-4d73-b403-b74394d9c065 создан
[2025-02-14 00:12:06.218] [file_logger] [info] Получен webhook от платежной системы. ID платежа: 92bc8308-4055-4d73-b403-b74394d9c065. Статус: success
[2025-02-14 00:12:06.220] [file_logger] [info] Запрошена информация о статусе операции 92bc8308-4055-4d73-b403-b74394d9c065
[2025-02-14 00:12:06.221] [file_logger] [info] Пользователь 03e40c24-1d2c-3427-90e7-ad58cd17192f создает платеж на сумму 10000 RUB
[2025-02-14 00:12:06.222] [file_logger] [info] Платеж a4c9443f-c88b-4e46-b5cd-3afeb65b78a2 создан
[2025-02-14 00:12:06.223] [file_logger] [info] Получен webhook от платежной системы. ID платежа: a4c9443f-c88b-4e46-b5cd-3afeb65b78a2. Статус: failed
[2025-02-14 00:12:06.225] [file_logger] [info] Запрошена информация о статусе операции a4c9443f-c88b-4e46-b5cd-3afeb65b78a2
[2025-02-14 00:12:06.236] [file_logger] [info] Пользователь 03e40c24-1d2c-2943-90e7-ad58cd17192f создает платеж на сумму 100.00 USD
[2025-02-14 00:12:06.238] [file_logger] [info] Платеж ec4d7a6f-d3c7-45e4-86ed-fbd7ffa2197b создан
[2025-02-14 00:13:36.909] [file_logger] [info] Логгер успешно создан!
[2025-02-14 00:13:39.284] [file_logger] [info] Пользователь 03e40c24-1d2c-4480-90e7-ad58cd17192f создает платеж на сумму 100.00 USD
[2025-02-14 00:13:39.288] [file_logger] [info] Платеж 40dd7bd6-a9d0-4440-8ce9-36fb6f83c4f2 создан
[2025-02-14 00:13:39.319] [file_logger] [info] Пользователь 03e40c24-1d2c-4480-90e7-ad58cd17192f создает платеж на сумму 100.00 USD
[2025-02-14 00:13:39.321] [file_logger] [info] Платеж 644ede30-39fe-4c43-b4be-1ba7e9dc231f создан
[2025-02-14 00:13:39.323] [file_logger] [info] Пользователь 03e40c24-1d2c-4480-90e7-ad58cd17192f создает платеж на сумму 100.00 USD
[2025-02-14 00:13:39.326] [file_logger] [info] Пользователь 03e40c24-1d2c-2943-90e7-ad58cd17192f создает платеж на сумму 100.00 USD
[2025-02-14 00:13:39.328] [file_logger] [info] Платеж 657b0731-5b4f-4949-a812-ab0ec55a588c создан
[2025-02-14 00:13:39.329] [file_logger] [info] Получен webhook от платежной системы. ID платежа: 657b0731-5b4f-4949-a812-ab0ec55a588c. Статус: success
[2025-02-14 00:13:39.331] [file_logger] [info] Запрошена информация о статусе операции 657b0731-5b4f-4949-a812-ab0ec55a588c
[2025-02-14 00:13:39.333] [file_logger] [info] Пользователь 03e40c24-1d2c-3427-90e7-ad58cd17192f создает платеж на сумму 10000 RUB
[2025-02-14 00:13:39.334] [file_logger] [info] Платеж 21974eb3-0ed6-45eb-929c-8ac2eb8e9c86 создан
[2025-02-14 00:13:39.336] [file_logger] [info] Получен webhook от платежной системы. ID платежа: 21974eb3-0ed6-45eb-929c-8ac2eb8e9c86. Статус: failed
[2025-02-14 00:13:39.337] [file_logger] [info] Запрошена информация о статусе операции 21974eb3-0ed6-45eb-929c-8ac2eb8e9c86
[2025-02-14 00:13:39.348] [file_logger] [info] Пользователь 03e40c24-1d2c-2943-90e7-ad58cd17192f создает платеж на сумму 100.00 USD
[2025-02-14 00:13:39.350] [file_logger] [info] Платеж cd72be82-2b7c-46c0-8528-a9533cd1a803 создан
[2025-02-14 00:13:47.777] [file_logger] [info] Логгер успешно создан!
[2025-02-14 00:13:51.277] [file_logger] [info] Логгер успешно создан!
[2025-02-14 00:13:59.891] [file_logger] [info] Логгер успешно создан!
[2025-02-14 00:14:02.455] [file_logger] [info] Пользователь 03e40c24-1d2c-4480-90e7-ad58cd17192f создает платеж на сумму 100.00 USD
[2025-02-14 00:14:02.458] [file_logger] [info] Платеж 397dd226-468a-4d1d-9641-72b24cd82d75 создан
[2025-02-14 00:14:02.495] [file_logger] [info] Пользователь 03e40c24-1d2c-4480-90e7-ad58cd17192f создает платеж на сумму 100.00 USD
[2025-02-14 00:14:02.496] [file_logger] [info] Платеж 24a8a157-c78d-41ab-8628-80acf09504f3 создан
[2025-02-14 00:14:02.499] [file_logger] [info] Пользователь 03e40c24-1d2c-4480-90e7-ad58cd17192f создает платеж на сумму 100.00 USD
[2025-02-14 00:14:02.502] [file_logger] [info] Пользователь 03e40c24-1d2c-2943-90e7-ad58cd17192f создает платеж на сумму 100.00 USD
[2025-02-14 00:14:02.505] [file_logger] [info] Платеж 08a067b5-4286-42ce-adc1-54d8bc08d1da создан
[2025-02-14 00:14:02.506] [file_logger] [info] Получен webhook от платежной системы. ID платежа: 08a067b5-4286-42ce-adc1-54d8bc08d1da. Статус: success
[2025-02-14 00:14:02.508] [file_logger] [info] Запрошена информация о статусе операции 08a067b5-4286-42ce-adc1-54d8bc08d1da
[2025-02-14 00:14:02.510] [file_logger] [info] Пользователь 03e40c24-1d2c-3427-90e7-ad58cd17192f создает платеж на сумму 10000 RUB
[2025-02-14 00:14:02.511] [file_logger] [info] Платеж dd97c3be-6953-42b8-b808-ae236bf6a155 создан
[2025-02-14 00:14:02.512] [file_logger] [info] Получен webhook от платежной системы. ID платежа: dd97c3be-6953-42b8-b808-ae236bf6a155. Статус: failed
[2025-02-14 00:14:02.514] [file_logger] [info] Запрошена информация о статусе операции dd97c3be-6953-42b8-b808-ae236bf6a155
[2025-02-14 00:14:02.524] [file_logger] [info] Пользователь 03e40c24-1d2c-2943-90e7-ad58cd17192f создает платеж на сумму 100.00 USD
[2025-02-14 00:14:02.526] [file_logger] [info] Платеж 5c0d25a2-9a58-46ba-abdf-14c68441ed3e создан
[2025-02-14 00:15:12.680] [file_logger] [info] Логгер успешно создан!
[2025-02-14 00:15:15.941] [file_logger] [info] Пользователь 03e40c24-1d2c-4480-90e7-ad58cd17192f создает платеж на сумму 100.00 USD
[2025-02-14 00:15:15.947] [file_logger] [info] Платеж da35d93b-38c6-45d3-8a9c-405688a9b6f0 создан
[2025-02-14 00:15:15.977] [file_logger] [info] Пользователь 03e40c24-1d2c-4480-90e7-ad58cd17192f создает платеж на сумму 100.00 USD
[2025-02-14 00:15:15.978] [file_logger] [info] Платеж 63a5f114-5d00-4088-ba14-4abdf6eca63f создан
[2025-02-14 00:15:15.981] [file_logger] [info] Пользователь 03e40c24-1d2c-4480-90e7-ad58cd17192f создает платеж на сумму 100.00 USD
[2025-02-14 00:15:15.984] [file_logger] [info] Пользователь 03e40c24-1d2c-2943-90e7-ad58cd17192f создает платеж на сумму 100.00 USD
[2025-02-14 00:15:15.986] [file_logger] [info] Платеж 9939605e-2c33-4406-950c-567480fe7c84 создан
[2025-02-14 00:15:15.987] [file_logger] [info] Получен webhook от платежной системы. ID платежа: 9939605e-2c33-4406-950c-567480fe7c84. Статус: success
[2025-02-14 00:15:15.989] [file_logger] [info] Запрошена информация о статусе операции 9939605e-2c33-4406-950c-567480fe7c84
[2025-02-14 00:15:15.991] [file_logger] [info] Пользователь 03e40c24-1d2c-3427-90e7-ad58cd17192f создает платеж на сумму 10000 RUB
[2025-02-14 00:15:15.992] [file_logger] [info] Платеж 2fd8754b-762c-4d06-8303-e92d252a218a создан
[2025-02-14 00:15:15.993] [file_logger] [info] Получен webhook от платежной системы. ID платежа: 2fd8754b-762c-4d06-8303-e92d252a218a. Статус: failed
[2025-02-14 00:15:15.995] [file_logger] [info] Запрошена информация о статусе операции 2fd8754b-762c-4d06-8303-e92d252a218a
[2025-02-14 00:15:16.007] [file_logger] [info] Пользователь 03e40c24-1d2c-2943-90e7-ad58cd17192f создает платеж на сумму 100.00 USD
[2025-02-14 00:15:16.008] [file_logger] [info] Платеж 2315bfbe-183b-4fb9-b432-6fe8056ece09 создан
[2025-02-14 00:15:23.914] [file_logger] [info] Логгер успешно создан!
[2025-02-14 00:15:26.592] [file_logger] [info] Пользователь 03e40c24-1d2c-4480-90e7-ad58cd17192f создает платеж на сумму 100.00 USD
[2025-02-14 00:15:26.596] [file_logger] [info] Платеж a4d798d7-7b30-4e81-87a0-ffb434d377b0 создан
[2025-02-14 00:15:26.623] [file_logger] [info] Пользователь 03e40c24-1d2c-4480-90e7-ad58cd17192f создает платеж на сумму 100.00 USD
[2025-02-14 00:15:26.625] [file_logger] [info] Платеж ce6d5170-00e6-4bbf-bc95-c0a94327d07a создан
[2025-02-14 00:15:26.628] [file_logger] [info] Пользователь 03e40c24-1d2c-4480-90e7-ad58cd17192f создает платеж на сумму 100.00 USD
[2025-02-14 00:15:26.631] [file_logger] [info] Пользователь 03e40c24-1d2c-2943-90e7-ad58cd17192f создает платеж на сумму 100.00 USD
[2025-02-14 00:15:26.633] [file_logger] [info] Платеж 391afeb8-abf0-479f-b2e2-44b423ae6c36 создан
[2025-02-14 00:15:26.634] [file_logger] [info] Получен webhook от платежной системы. ID платежа: 391afeb8-abf0-479f-b2e2-44b423ae6c36. Статус: success
[2025-02-14 00:15:26.635] [file_logger] [info] Запрошена информация о статусе операции 391afeb8-abf0-479f-b2e2-44b423ae6c36
[2025-02-14 00:15:26.637] [file_logger] [info] Пользователь 03e40c24-1d2c-3427-90e7-ad58cd17192f создает платеж на сумму 10000 RUB
[2025-02-14 00:15:26.639] [file_logger] [info] Платеж 1ee03cba-0dc8-4ac1-8ef2-aef79ef31d90 создан
[2025-02-14 00:15:26.640] [file_logger] [info] Получен webhook от платежной системы. ID платежа: 1ee03cba-0dc8-4ac1-8ef2-aef79ef31d90. Статус: failed
[2025-02-14 00:15:26.641] [file_logger] [info] Запрошена информация о статусе операции 1ee03cba-0dc8-4ac1-8ef2-aef79ef31d90
[2025-02-14 00:15:26.653] [file_logger] [info] Пользователь 03e40c24-1d2c-2943-90e7-ad58cd17192f создает платеж на сумму 100.00 USD
[2025-02-14 00:15:26.655] [file_logger] [info] Платеж f6f3e17d-90d9-4b56-baa4-23d24b82b6bf создан
[2025-02-14 00:18:46.868] [file_logger] [info] Пользователь 03e40c24-1d2c-4480-90e7-ad58cd17192f создает платеж на сумму 100.00 USD
[2025-02-14 00:18:46.989] [file_logger] [info] Пользователь 03e40c24-1d2c-4480-90e7-ad58cd17192f создает платеж на сумму 100.00 USD
[2025-02-14 00:18:46.994] [file_logger] [info] Пользователь 03e40c24-1d2c-2943-90e7-ad58cd17192f создает платеж на сумму 100.00 USD
[2025-02-14 00:18:46.999] [file_logger] [info] Пользователь 03e40c24-1d2c-3427-90e7-ad58cd17192f создает платеж на сумму 10000 RUB
[2025-02-14 00:18:47.014] [file_logger] [info] Пользователь 03e40c24-1d2c-2943-90e7-ad58cd17192f создает платеж на сумму 100.00 USD
[2025-02-14 00:19:03.794] [file_logger] [info] Логгер успешно создан!
[2025-02-14 00:19:08.596] [file_logger] [info] Пользователь 03e40c24-1d2c-4480-90e7-ad58cd17192f создает платеж на сумму 100.00 USD
[2025-02-14 00:19:08.601] [file_logger] [info] Платеж c56560ac-fed6-4e29-a52a-8b0929d709c3 создан
[2025-02-14 00:19:08.636] [file_logger] [info] Пользователь 03e40c24-1d2c-4480-90e7-ad58cd17192f создает платеж на сумму 100.00 USD
[2025-02-14 00:19:08.638] [file_logger] [info] Платеж 7f0e54d8-179f-4bc1-9d94-60414da1d110 создан
[2025-02-14 00:19:08.640] [file_logger] [info] Пользователь 03e40c24-1d2c-4480-90e7-ad58cd17192f создает платеж на сумму 100.00 USD
[2025-02-14 00:19:08.644] [file_logger] [info] Пользователь 03e40c24-1d2c-2943-90e7-ad58cd17192f создает платеж на сумму 100.00 USD
[2025-02-14 00:19:08.645] [file_logger] [info] Платеж 7686dc67-879f-4f92-9c90-2132ce47dfd5 создан
[2025-02-14 00:19:08.647] [file_logger] [info] Получен webhook от платежной системы. ID платежа: 7686dc67-879f-4f92-9c90-2132ce47dfd5. Статус: success
[2025-02-14 00:19:08.649] [file_logger] [info] Запрошена информация о статусе операции 7686dc67-879f-4f92-9c90-2132ce47dfd5
[2025-02-14 00:19:08.651] [file_logger] [info] Пользователь 03e40c24-1d2c-3427-90e7-ad58cd17192f создает платеж на сумму 10000 RUB
[2025-02-14 00:19:08.653] [file_logger] [info] Платеж dd81d071-6cf0-4349-aa7e-891cfc2ff376 создан
[2025-02-14 00:19:08.654] [file_logger] [info] Получен webhook от платежной системы. ID платежа: dd81d071-6cf0-4349-aa7e-891cfc2ff376. Статус: failed
[2025-02-14 00:19:08.656] [file_logger] [info] Запрошена информация о статусе операции dd81d071-6cf0-4349-aa7e-891cfc2ff376
[2025-02-14 00:19:08.669] [file_logger] [info] Пользователь 03e40c24-1d2c-2943-90e7-ad58cd17192f создает платеж на сумму 100.00 USD
[2025-02-14 00:19:08.671] [file_logger] [info] Платеж 3fef4b0b-03bb-487b-861a-60626d4cceb5 создан
[2025-02-14 00:20:26.311] [file_logger] [info] Пользователь 03e40c24-1d2c-4480-90e7-ad58cd17192f создает платеж на сумму 100.00 USD
[2025-02-14 00:20:26.364] [file_logger] [info] Пользователь 03e40c24-1d2c-4480-90e7-ad58cd17192f создает платеж на сумму 100.00 USD
[2025-02-14 00:20:26.370] [file_logger] [info] Пользователь 03e40c24-1d2c-2943-90e7-ad58cd17192f создает платеж на сумму 100.00 USD
[2025-02-14 00:20:26.377] [file_logger] [info] Пользователь 03e40c24-1d2c-3427-90e7-ad58cd17192f создает платеж на сумму 10000 RUB
[2025-02-14 00:20:26.392] [file_logger] [info] Пользователь 03e40c24-1d2c-2943-90e7-ad58cd17192f создает платеж на сумму 100.00 USD
[2025-02-14 00:20:29.110] [file_logger] [info] Логгер успешно создан!
[2025-02-14 00:20:31.465] [file_logger] [info] Пользователь 03e40c24-1d2c-4480-90e7-ad58cd17192f создает платеж на сумму 100.00 USD
[2025-02-14 00:20:31.469] [file_logger] [info] Платеж d2e02bac-f771-4f19-8dfd-d7ccc5e81e55 создан
[2025-02-14 00:20:31.494] [file_logger] [info] Пользователь 03e40c24-1d2c-4480-90e7-ad58cd17192f создает платеж на сумму 100.00 USD
[2025-02-14 00:20:31.495] [file_logger] [info] Платеж c59face5-c8fe-4353-93a9-2b9ecf68fde6 создан
[2025-02-14 00:20:31.498] [file_logger] [info] Пользователь 03e40c24-1d2c-4480-90e7-ad58cd17192f создает платеж на сумму 100.00 USD
[2025-02-14 00:20:31.501] [file_logger] [info] Пользователь 03e40c24-1d2c-2943-90e7-ad58cd17192f создает платеж на сумму 100.00 USD
[2025-02-14 00:20:31.503] [file_logger] [info] Платеж fcf68189-9ac1-4a3d-8b90-ce84b30effb8 создан
[2025-02-14 00:20:31.504] [file_logger] [info] Получен webhook от платежной системы. ID платежа: fcf68189-9ac1-4a3d-8b90-ce84b30effb8. Статус: success
[2025-02-14 00:20:31.506] [file_logger] [info] Запрошена информация о статусе операции fcf68189-9ac1-4a3d-8b90-ce84b30effb8
[2025-02-14 00:20:31.508] [file_logger] [info] Пользователь 03e40c24-1d2c-3427-90e7-ad58cd17192f создает платеж на сумму 10000 RUB
[2025-02-14 00:20:31.510] [file_logger] [info] Платеж 2697da51-95d0-41f3-96d0-be4280a30392 создан
[2025-02-14 00:20:31.511] [file_logger] [info] Получен webhook от платежной системы. ID платежа: 2697da51-95d0-41f3-96d0-be4280a30392. Статус: failed
[2025-02-14 00:20:31.513] [file_logger] [info] Запрошена информация о статусе операции 2697da51-95d0-41f3-96d0-be4280a30392
[2025-02-14 00:20:31.524] [file_logger] [info] Пользователь 03e40c24-1d2c-2943-90e7-ad58cd17192f создает платеж на сумму 100.00 USD
[2025-02-14 00:20:31.526] [file_logger] [info] Платеж 42e80cdc-c702-4083-8958-af1f7e7ed28b создан
[2025-02-14 00:36:03.404] [file_logger] [info] Логгер успешно создан!
[2025-02-14 00:36:13.717] [file_logger] [info] Пользователь 03e40c24-1d2c-4480-90e7-ad58cd17192f создает платеж на сумму 100.00 USD
[2025-02-14 00:36:13.729] [file_logger] [info] Платеж f5e80a2a-8936-4488-84d0-ada9e2f96444 создан
[2025-02-14 00:36:13.744] [file_logger] [info] Пользователь 03e40c24-1d2c-4480-90e7-ad58cd17192f создает платеж на сумму 100.00 USD
[2025-02-14 00:36:13.746] [file_logger] [info] Платеж 9080163c-bc4f-4b4c-bf77-7919893bfa35 создан
[2025-02-14 00:36:13.749] [file_logger] [info] Пользователь 03e40c24-1d2c-4480-90e7-ad58cd17192f создает платеж на сумму 100.00 USD
[2025-02-14 00:36:13.753] [file_logger] [info] Пользователь 03e40c24-1d2c-2943-90e7-ad58cd17192f создает платеж на сумму 100.00 USD
[2025-02-14 00:36:13.754] [file_logger] [info] Платеж a28f6b37-30bd-4ce5-8beb-3523565a6d32 создан
[2025-02-14 00:36:13.755] [file_logger] [info] Получен webhook от платежной системы. ID платежа: a28f6b37-30bd-4ce5-8beb-3523565a6d32. Статус: success
[2025-02-14 00:36:13.758] [file_logger] [info] Запрошена информация о статусе операции a28f6b37-30bd-4ce5-8beb-3523565a6d32
[2025-02-14 00:36:13.760] [file_logger] [info] Пользователь 03e40c24-1d2c-3427-90e7-ad58cd17192f создает платеж на сумму 10000 RUB
[2025-02-14 00:36:13.764] [file_logger] [info] Платеж f042c3f6-8223-4d42-a312-55e9b69d6196 создан
[2025-02-14 00:36:13.765] [file_logger] [info] Получен webhook от платежной системы. ID платежа: f042c3f6-8223-4d42-a312-55e9b69d6196. Статус: failed
[2025-02-14 00:36:13.766] [file_logger] [info] Запрошена информация о статусе операции f042c3f6-8223-4d42-a312-55e9b69d6196
[2025-02-14 00:36:13.778] [file_logger] [info] Пользователь 03e40c24-1d2c-2943-90e7-ad58cd17192f создает платеж на сумму 100.00 USD
[2025-02-14 00:36:13.780] [file_logger] [info] Платеж 80d0f626-a6e0-4873-a46d-dc2428841ad2 создан
[2025-02-14 00:36:42.109] [file_logger] [info] Логгер успешно создан!
[2025-02-14 00:36:44.846] [file_logger] [info] Пользователь 03e40c24-1d2c-4480-90e7-ad58cd17192f создает платеж на сумму 100.00 USD
[2025-02-14 00:36:44.849] [file_logger] [info] Платеж 281417a0-923c-4705-8985-4a01c3cd4ffa создан
[2025-02-14 00:36:44.861] [file_logger] [info] Пользователь 03e40c24-1d2c-4480-90e7-ad58cd17192f создает платеж на сумму 100.00 USD
[2025-02-14 00:36:44.862] [file_logger] [info] Платеж fde062d6-af8c-4dc4-821c-875cdeabc581 создан
[2025-02-14 00:36:44.864] [file_logger] [info] Пользователь 03e40c24-1d2c-4480-90e7-ad58cd17192f создает платеж на сумму 100.00 USD
[2025-02-14 00:36:44.867] [file_logger] [info] Пользователь 03e40c24-1d2c-2943-90e7-ad58cd17192f создает платеж на сумму 100.00 USD
[2025-02-14 00:36:44.868] [file_logger] [info] Платеж 6f3a426b-1ac8-48a7-80e1-6bbe8dee2b58 создан
[2025-02-14 00:36:44.869] [file_logger] [info] Получен webhook от платежной системы. ID платежа: 6f3a426b-1ac8-48a7-80e1-6bbe8dee2b58. Статус: success
[2025-02-14 00:36:44.871] [file_logger] [info] Запрошена информация о статусе операции 6f3a426b-1ac8-48a7-80e1-6bbe8dee2b58
[2025-02-14 00:36:44.873] [file_logger] [info] Пользователь 03e40c24-1d2c-3427-90e7-ad58cd17192f создает платеж на сумму 10000 RUB
[2025-02-14 00:36:44.874] [file_logger] [info] Платеж cbb57800-fa5c-47ee-9e64-d7410a2e9730 создан
[2025-02-14 00:36:44.875] [file_logger] [info] Получен webhook от платежной системы. ID платежа: cbb57800-fa5c-47ee-9e64-d7410a2e9730. Статус: failed
[2025-02-14 00:36:44.876] [file_logger] [info] Запрошена информация о статусе операции cbb57800-fa5c-47ee-9e64-d7410a2e9730
[2025-02-14 00:36:44.889] [file_logger] [info] Пользователь 03e40c24-1d2c-2943-90e7-ad58cd17192f создает платеж на сумму 100.00 USD
[2025-02-14 00:36:44.890] [file_logger] [info] Платеж d167ffe6-3c19-4c5f-8fe1-58301cbae32b создан
[2025-02-14 00:38:32.543] [file_logger] [info] Логгер успешно создан!
[2025-02-14 00:38:35.708] [file_logger] [info] Пользователь 03e40c24-1d2c-4480-90e7-ad58cd17192f создает платеж на сумму 100.00 USD
[2025-02-14 00:38:35.711] [file_logger] [info] Платеж 5243d69c-f155-4231-a470-351b86e05408 создан
[2025-02-14 00:38:35.723] [file_logger] [info] Пользователь 03e40c24-1d2c-4480-90e7-ad58cd17192f создает платеж на сумму 100.00 USD
[2025-02-14 00:38:35.724] [file_logger] [info] Платеж dcb60161-84a2-438c-9b0c-f7444b7e4601 создан
[2025-02-14 00:38:35.727] [file_logger] [info] Пользователь 03e40c24-1d2c-4480-90e7-ad58cd17192f создает платеж на сумму 100.00 USD
[2025-02-14 00:38:35.730] [file_logger] [info] Пользователь 03e40c24-1d2c-2943-90e7-ad58cd17192f создает платеж на сумму 100.00 USD
[2025-02-14 00:38:35.731] [file_logger] [info] Платеж cf2dcdb3-b707-4ee3-9882-1e9307ebe12c создан
[2025-02-14 00:38:35.732] [file_logger] [info] Получен webhook от платежной системы. ID платежа: cf2dcdb3-b707-4ee3-9882-1e9307ebe12c. Статус: success
[2025-02-14 00:38:35.734] [file_logger] [info] Запрошена информация о статусе операции cf2dcdb3-b707-4ee3-9882-1e9307ebe12c
[2025-02-14 00:38:35.736] [file_logger] [info] Пользователь 03e40c24-1d2c-3427-90e7-ad58cd17192f создает платеж на сумму 10000 RUB
[2025-02-14 00:38:35.738] [file_logger] [info] Платеж 2741e011-ffa9-4097-815b-d6a9e121effd создан
[2025-02-14 00:38:35.739] [file_logger] [info] Получен webhook от платежной системы. ID платежа: 2741e011-ffa9-4097-815b-d6a9e121effd. Статус: failed
[2025-02-14 00:38:35.740] [file_logger] [info] Запрошена информация о статусе операции 2741e011-ffa9-4097-815b-d6a9e121effd
[2025-02-14 00:38:35.752] [file_logger] [info] Пользователь 03e40c24-1d2c-2943-90e7-ad58cd17192f создает платеж на сумму 100.00 USD
[2025-02-14 00:38:35.754] [file_logger] [info] Платеж 3aa61b11-f1dc-4020-bc6e-73d269c49ffe создан
[2025-02-14 00:38:43.049] [file_logger] [info] Логгер успешно создан!
[2025-02-14 00:38:46.463] [file_logger] [info] Пользователь 03e40c24-1d2c-4480-90e7-ad58cd17192f создает платеж на сумму 100.00 USD
[2025-02-14 00:38:46.466] [file_logger] [info] Платеж 3e4b0716-fe60-4062-8c8b-e9445c1cff6d создан
[2025-02-14 00:38:46.477] [file_logger] [info] Пользователь 03e40c24-1d2c-4480-90e7-ad58cd17192f создает платеж на сумму 100.00 USD
[2025-02-14 00:38:46.480] [file_logger] [info] Платеж 82adc4a5-c754-48dd-8b0c-0cb623be9fd9 создан
[2025-02-14 00:38:46.483] [file_logger] [info] Пользователь 03e40c24-1d2c-4480-90e7-ad58cd17192f создает платеж на сумму 100.00 USD
[2025-02-14 00:38:46.485] [file_logger] [info] Пользователь 03e40c24-1d2c-2943-90e7-ad58cd17192f создает платеж на сумму 100.00 USD
[2025-02-14 00:38:46.487] [file_logger] [info] Платеж 44ae04cf-49c3-4ee3-835c-1178c21fb4cd создан
[2025-02-14 00:38:46.488] [file_logger] [info] Получен webhook от платежной системы. ID платежа: 44ae04cf-49c3-4ee3-835c-1178c21fb4cd. Статус: success
[2025-02-14 00:38:46.492] [file_logger] [info] Запрошена информация о статусе операции 44ae04cf-49c3-4ee3-835c-1178c21fb4cd
[2025-02-14 00:38:46.494] [file_logger] [info] Пользователь 03e40c24-1d2c-3427-90e7-ad58cd17192f создает платеж на сумму 10000 RUB
[2025-02-14 00:38:46.496] [file_logger] [info] Платеж 4b81f3bc-742d-4738-b7e7-5ab7bacecf6f создан
[2025-02-14 00:38:46.497] [file_logger] [info] Получен webhook от платежной системы. ID платежа: 4b81f3bc-742d-4738-b7e7-5ab7bacecf6f. Статус: failed
[2025-02-14 00:38:46.498] [file_logger] [info] Запрошена информация о статусе операции 4b81f3bc-742d-4738-b7e7-5ab7bacecf6f
[2025-02-14 00:38:46.510] [file_logger] [info] Пользователь 03e40c24-1d2c-2943-90e7-ad58cd17192f создает платеж на сумму 100.00 USD
[2025-02-14 00:38:46.512] [file_logger] [info] Платеж 6421ee14-f9f5-47d5-bbdf-877ecebd7094 создан
[2025-02-14 00:39:56.605] [file_logger] [info] Логгер успешно создан!
[2025-02-14 00:39:59.501] [file_logger] [info] Пользователь 03e40c24-1d2c-4480-90e7-ad58cd17192f создает платеж на сумму 100.00 USD
[2025-02-14 00:39:59.503] [file_logger] [info] Платеж 1b86b1b4-febe-47ba-b216-5a5f0b48bf2d создан
[2025-02-14 00:39:59.515] [file_logger] [info] Пользователь 03e40c24-1d2c-4480-90e7-ad58cd17192f создает платеж на сумму 100.00 USD
[2025-02-14 00:39:59.517] [file_logger] [info] Платеж 1318ec8a-afd8-45d9-8173-bc48eaa02785 создан
[2025-02-14 00:39:59.519] [file_logger] [info] Пользователь 03e40c24-1d2c-4480-90e7-ad58cd17192f создает платеж на сумму 100.00 USD
[2025-02-14 00:39:59.522] [file_logger] [info] Пользователь 03e40c24-1d2c-2943-90e7-ad58cd17192f создает платеж на сумму 100.00 USD
[2025-02-14 00:39:59.523] [file_logger] [info] Платеж f6274349-4aa6-4fe4-b195-969e63c5ac53 создан
[2025-02-14 00:39:59.525] [file_logger] [info] Получен webhook от платежной системы. ID платежа: f6274349-4aa6-4fe4-b195-969e63c5ac53. Статус: success
[2025-02-14 00:39:59.527] [file_logger] [info] Запрошена информация о статусе операции f6274349-4aa6-4fe4-b195-969e63c5ac53
[2025-02-14 00:39:59.528] [file_logger] [info] Пользователь 03e40c24-1d2c-3427-90e7-ad58cd17192f создает платеж на сумму 10000 RUB
[2025-02-14 00:39:59.530] [file_logger] [info] Платеж e42d38cd-6aba-4668-8213-6d16e063a0dc создан
[2025-02-14 00:39:59.531] [file_logger] [info] Получен webhook от платежной системы. ID платежа: e42d38cd-6aba-4668-8213-6d16e063a0dc. Статус: failed
[2025-02-14 00:39:59.533] [file_logger] [info] Запрошена информация о статусе операции e42d38cd-6aba-4668-8213-6d16e063a0dc
[2025-02-14 00:39:59.544] [file_logger] [info] Пользователь 03e40c24-1d2c-2943-90e7-ad58cd17192f создает платеж на сумму 100.00 USD
[2025-02-14 00:39:59.546] [file_logger] [info] Платеж bb6995c0-3fea-4ffe-b627-8176c2547204 создан
